2024-09-09 13:50:53,156 - INFO - Icon created: E:/Modules/Programming Principles - Copy\14 Algorithn\folder_icon.ico
2024-09-09 13:50:53,857 - INFO - Icon applied to folder: E:/Modules/Programming Principles - Copy\14 Algorithn
2024-09-09 13:50:54,039 - INFO - Icon created: E:/Modules/Programming Principles - Copy\21 Fonts for UI\folder_icon.ico
2024-09-09 13:50:54,667 - INFO - Icon applied to folder: E:/Modules/Programming Principles - Copy\21 Fonts for UI
2024-09-09 13:50:54,859 - INFO - Icon created: E:/Modules/Programming Principles - Copy\5 Tips in Desinging\folder_icon.ico
2024-09-09 13:50:55,490 - INFO - Icon applied to folder: E:/Modules/Programming Principles - Copy\5 Tips in Desinging
2024-09-09 13:50:55,682 - INFO - Icon created: E:/Modules/Programming Principles - Copy\6 Biggest Button Des Mistake\folder_icon.ico
2024-09-09 13:50:56,312 - INFO - Icon applied to folder: E:/Modules/Programming Principles - Copy\6 Biggest Button Des Mistake
2024-09-09 13:50:56,472 - INFO - Icon created: E:/Modules/Programming Principles - Copy\7 JS Loop Types\folder_icon.ico
2024-09-09 13:50:57,095 - INFO - Icon applied to folder: E:/Modules/Programming Principles - Copy\7 JS Loop Types
2024-09-09 13:50:57,289 - INFO - Icon created: E:/Modules/Programming Principles - Copy\Apps for UI_UX Designer\folder_icon.ico
2024-09-09 13:50:57,916 - INFO - Icon applied to folder: E:/Modules/Programming Principles - Copy\Apps for UI_UX Designer
2024-09-09 13:50:58,118 - INFO - Icon created: E:/Modules/Programming Principles - Copy\Better NavBar\folder_icon.ico
2024-09-09 13:50:58,760 - INFO - Icon applied to folder: E:/Modules/Programming Principles - Copy\Better NavBar
2024-09-09 13:50:58,970 - INFO - Icon created: E:/Modules/Programming Principles - Copy\Better Shadow\folder_icon.ico
2024-09-09 13:50:59,595 - INFO - Icon applied to folder: E:/Modules/Programming Principles - Copy\Better Shadow
2024-09-09 13:50:59,791 - INFO - Icon created: E:/Modules/Programming Principles - Copy\Brand Color Psycho\folder_icon.ico
2024-09-09 13:51:00,412 - INFO - Icon applied to folder: E:/Modules/Programming Principles - Copy\Brand Color Psycho
2024-09-09 13:51:00,585 - INFO - Icon created: E:/Modules/Programming Principles - Copy\Button Design\folder_icon.ico
2024-09-09 13:51:01,209 - INFO - Icon applied to folder: E:/Modules/Programming Principles - Copy\Button Design
2024-09-09 13:51:01,382 - INFO - Icon created: E:/Modules/Programming Principles - Copy\Color & Use Case\folder_icon.ico
2024-09-09 13:51:02,009 - INFO - Icon applied to folder: E:/Modules/Programming Principles - Copy\Color & Use Case
2024-09-09 13:51:02,197 - INFO - Icon created: E:/Modules/Programming Principles - Copy\Color Gradient #1\folder_icon.ico
2024-09-09 13:51:02,830 - INFO - Icon applied to folder: E:/Modules/Programming Principles - Copy\Color Gradient #1
2024-09-09 13:51:03,045 - INFO - Icon created: E:/Modules/Programming Principles - Copy\Color Gradient #2\folder_icon.ico
2024-09-09 13:51:03,664 - INFO - Icon applied to folder: E:/Modules/Programming Principles - Copy\Color Gradient #2
2024-09-09 13:51:03,858 - INFO - Icon created: E:/Modules/Programming Principles - Copy\Color Gradient #3\folder_icon.ico
2024-09-09 13:51:04,477 - INFO - Icon applied to folder: E:/Modules/Programming Principles - Copy\Color Gradient #3
2024-09-09 13:51:04,687 - INFO - Icon created: E:/Modules/Programming Principles - Copy\Color Gradient #4\folder_icon.ico
2024-09-09 13:51:05,310 - INFO - Icon applied to folder: E:/Modules/Programming Principles - Copy\Color Gradient #4
2024-09-09 13:51:05,519 - INFO - Icon created: E:/Modules/Programming Principles - Copy\Color Gradient #5\folder_icon.ico
2024-09-09 13:51:06,145 - INFO - Icon applied to folder: E:/Modules/Programming Principles - Copy\Color Gradient #5
2024-09-09 13:51:06,350 - INFO - Icon created: E:/Modules/Programming Principles - Copy\Color Palettes\folder_icon.ico
2024-09-09 13:51:06,970 - INFO - Icon applied to folder: E:/Modules/Programming Principles - Copy\Color Palettes
2024-09-09 13:51:07,182 - INFO - Icon created: E:/Modules/Programming Principles - Copy\Color Palettes #2\folder_icon.ico
2024-09-09 13:51:07,811 - INFO - Icon applied to folder: E:/Modules/Programming Principles - Copy\Color Palettes #2
2024-09-09 13:51:08,027 - INFO - Icon created: E:/Modules/Programming Principles - Copy\Color Psycho\folder_icon.ico
2024-09-09 13:51:08,650 - INFO - Icon applied to folder: E:/Modules/Programming Principles - Copy\Color Psycho
2024-09-09 13:51:08,846 - INFO - Icon created: E:/Modules/Programming Principles - Copy\Color Theory #1\folder_icon.ico
2024-09-09 13:51:09,468 - INFO - Icon applied to folder: E:/Modules/Programming Principles - Copy\Color Theory #1
2024-09-09 13:51:09,669 - INFO - Icon created: E:/Modules/Programming Principles - Copy\Color Theory #2\folder_icon.ico
2024-09-09 13:51:10,303 - INFO - Icon applied to folder: E:/Modules/Programming Principles - Copy\Color Theory #2
2024-09-09 13:51:10,508 - INFO - Icon created: E:/Modules/Programming Principles - Copy\Color Theory #3\folder_icon.ico
2024-09-09 13:51:11,133 - INFO - Icon applied to folder: E:/Modules/Programming Principles - Copy\Color Theory #3
2024-09-09 13:51:11,336 - INFO - Icon created: E:/Modules/Programming Principles - Copy\Correct Size & Ratio\folder_icon.ico
2024-09-09 13:51:11,959 - INFO - Icon applied to folder: E:/Modules/Programming Principles - Copy\Correct Size & Ratio
2024-09-09 13:51:12,193 - INFO - Icon created: E:/Modules/Programming Principles - Copy\Craft Buckets & Pillars\folder_icon.ico
2024-09-09 13:51:12,814 - INFO - Icon applied to folder: E:/Modules/Programming Principles - Copy\Craft Buckets & Pillars
2024-09-09 13:51:12,965 - INFO - Icon created: E:/Modules/Programming Principles - Copy\CRUD\folder_icon.ico
2024-09-09 13:51:13,592 - INFO - Icon applied to folder: E:/Modules/Programming Principles - Copy\CRUD
2024-09-09 13:51:13,791 - INFO - Icon created: E:/Modules/Programming Principles - Copy\CSS Box Shadow\folder_icon.ico
2024-09-09 13:51:14,406 - INFO - Icon applied to folder: E:/Modules/Programming Principles - Copy\CSS Box Shadow
2024-09-09 13:51:14,561 - INFO - Icon created: E:/Modules/Programming Principles - Copy\CSS Cheatsheet\folder_icon.ico
2024-09-09 13:51:15,204 - INFO - Icon applied to folder: E:/Modules/Programming Principles - Copy\CSS Cheatsheet
2024-09-09 13:51:15,391 - INFO - Icon created: E:/Modules/Programming Principles - Copy\CSS Filters\folder_icon.ico
2024-09-09 13:51:16,011 - INFO - Icon applied to folder: E:/Modules/Programming Principles - Copy\CSS Filters
2024-09-09 13:51:16,206 - INFO - Icon created: E:/Modules/Programming Principles - Copy\CSS Generator\folder_icon.ico
2024-09-09 13:51:16,830 - INFO - Icon applied to folder: E:/Modules/Programming Principles - Copy\CSS Generator
2024-09-09 13:51:16,988 - INFO - Icon created: E:/Modules/Programming Principles - Copy\Data Structure for Beginners\folder_icon.ico
2024-09-09 13:51:17,612 - INFO - Icon applied to folder: E:/Modules/Programming Principles - Copy\Data Structure for Beginners
2024-09-09 13:51:17,774 - INFO - Icon created: E:/Modules/Programming Principles - Copy\Decoy Effect\folder_icon.ico
2024-09-09 13:51:17,779 - ERROR - Permission error applying icon to folder E:/Modules/Programming Principles - Copy\Decoy Effect: [Errno 13] Permission denied: 'E:/Modules/Programming Principles - Copy\\Decoy Effect\\desktop.ini'
2024-09-09 13:51:17,968 - INFO - Icon created: E:/Modules/Programming Principles - Copy\Design Mistakes\folder_icon.ico
2024-09-09 13:51:18,587 - INFO - Icon applied to folder: E:/Modules/Programming Principles - Copy\Design Mistakes
2024-09-09 13:51:18,777 - INFO - Icon created: E:/Modules/Programming Principles - Copy\Design Principles\folder_icon.ico
2024-09-09 13:51:19,402 - INFO - Icon applied to folder: E:/Modules/Programming Principles - Copy\Design Principles
2024-09-09 13:51:19,604 - INFO - Icon created: E:/Modules/Programming Principles - Copy\Design Tips #1\folder_icon.ico
2024-09-09 13:51:20,231 - INFO - Icon applied to folder: E:/Modules/Programming Principles - Copy\Design Tips #1
2024-09-09 13:51:20,433 - INFO - Icon created: E:/Modules/Programming Principles - Copy\Design Tips #2\folder_icon.ico
2024-09-09 13:51:21,071 - INFO - Icon applied to folder: E:/Modules/Programming Principles - Copy\Design Tips #2
2024-09-09 13:51:21,256 - INFO - Icon created: E:/Modules/Programming Principles - Copy\Destrcutor Phyton\folder_icon.ico
2024-09-09 13:51:21,876 - INFO - Icon applied to folder: E:/Modules/Programming Principles - Copy\Destrcutor Phyton
2024-09-09 13:51:22,067 - INFO - Icon created: E:/Modules/Programming Principles - Copy\Do's & Dont's #1\folder_icon.ico
2024-09-09 13:51:22,684 - INFO - Icon applied to folder: E:/Modules/Programming Principles - Copy\Do's & Dont's #1
2024-09-09 13:51:22,868 - INFO - Icon created: E:/Modules/Programming Principles - Copy\Do's & Dont's #2\folder_icon.ico
2024-09-09 13:51:23,501 - INFO - Icon applied to folder: E:/Modules/Programming Principles - Copy\Do's & Dont's #2
2024-09-09 13:51:23,652 - INFO - Icon created: E:/Modules/Programming Principles - Copy\Do's & Dont's #4\folder_icon.ico
2024-09-09 13:51:24,283 - INFO - Icon applied to folder: E:/Modules/Programming Principles - Copy\Do's & Dont's #4
2024-09-09 13:51:24,439 - INFO - Icon created: E:/Modules/Programming Principles - Copy\DOM Manipulation\folder_icon.ico
2024-09-09 13:51:25,071 - INFO - Icon applied to folder: E:/Modules/Programming Principles - Copy\DOM Manipulation
2024-09-09 13:51:25,252 - INFO - Icon created: E:/Modules/Programming Principles - Copy\Dos & Don'ts #3\folder_icon.ico
2024-09-09 13:51:25,874 - INFO - Icon applied to folder: E:/Modules/Programming Principles - Copy\Dos & Don'ts #3
2024-09-09 13:51:26,068 - INFO - Icon created: E:/Modules/Programming Principles - Copy\Essential Git Commands\folder_icon.ico
2024-09-09 13:51:26,686 - INFO - Icon applied to folder: E:/Modules/Programming Principles - Copy\Essential Git Commands
2024-09-09 13:51:26,872 - INFO - Icon created: E:/Modules/Programming Principles - Copy\Extensions for UI Designer\folder_icon.ico
2024-09-09 13:51:27,507 - INFO - Icon applied to folder: E:/Modules/Programming Principles - Copy\Extensions for UI Designer
2024-09-09 13:51:27,698 - INFO - Icon created: E:/Modules/Programming Principles - Copy\Figma Plugin #1\folder_icon.ico
2024-09-09 13:51:28,321 - INFO - Icon applied to folder: E:/Modules/Programming Principles - Copy\Figma Plugin #1
2024-09-09 13:51:28,509 - INFO - Icon created: E:/Modules/Programming Principles - Copy\Figma Plugins #2\folder_icon.ico
2024-09-09 13:51:29,138 - INFO - Icon applied to folder: E:/Modules/Programming Principles - Copy\Figma Plugins #2
2024-09-09 13:51:29,314 - INFO - Icon created: E:/Modules/Programming Principles - Copy\Fonts from Popular Apps\folder_icon.ico
2024-09-09 13:51:29,943 - INFO - Icon applied to folder: E:/Modules/Programming Principles - Copy\Fonts from Popular Apps
2024-09-09 13:51:30,114 - INFO - Icon created: E:/Modules/Programming Principles - Copy\Front End Webs\folder_icon.ico
2024-09-09 13:51:30,734 - INFO - Icon applied to folder: E:/Modules/Programming Principles - Copy\Front End Webs
2024-09-09 13:51:30,895 - INFO - Icon created: E:/Modules/Programming Principles - Copy\FrontEnd-Roadmap\folder_icon.ico
2024-09-09 13:51:31,519 - INFO - Icon applied to folder: E:/Modules/Programming Principles - Copy\FrontEnd-Roadmap
2024-09-09 13:51:31,700 - INFO - Icon created: E:/Modules/Programming Principles - Copy\Full Stack EssentialS\folder_icon.ico
2024-09-09 13:51:32,324 - INFO - Icon applied to folder: E:/Modules/Programming Principles - Copy\Full Stack EssentialS
2024-09-09 13:51:32,487 - INFO - Icon created: E:/Modules/Programming Principles - Copy\Git Vs Github\folder_icon.ico
2024-09-09 13:51:33,110 - INFO - Icon applied to folder: E:/Modules/Programming Principles - Copy\Git Vs Github
2024-09-09 13:51:33,272 - INFO - Icon created: E:/Modules/Programming Principles - Copy\Github Cheat Sheet\folder_icon.ico
2024-09-09 13:51:33,899 - INFO - Icon applied to folder: E:/Modules/Programming Principles - Copy\Github Cheat Sheet
2024-09-09 13:51:34,115 - INFO - Icon created: E:/Modules/Programming Principles - Copy\Glowing Buttons\folder_icon.ico
2024-09-09 13:51:34,742 - INFO - Icon applied to folder: E:/Modules/Programming Principles - Copy\Glowing Buttons
2024-09-09 13:51:34,909 - INFO - Icon created: E:/Modules/Programming Principles - Copy\Good vs Bad Design\folder_icon.ico
2024-09-09 13:51:35,544 - INFO - Icon applied to folder: E:/Modules/Programming Principles - Copy\Good vs Bad Design
2024-09-09 13:51:35,736 - INFO - Icon created: E:/Modules/Programming Principles - Copy\Google like a pro\folder_icon.ico
2024-09-09 13:51:36,361 - INFO - Icon applied to folder: E:/Modules/Programming Principles - Copy\Google like a pro
2024-09-09 13:51:36,517 - INFO - Icon created: E:/Modules/Programming Principles - Copy\GPT Alternatives\folder_icon.ico
2024-09-09 13:51:37,141 - INFO - Icon applied to folder: E:/Modules/Programming Principles - Copy\GPT Alternatives
2024-09-09 13:51:37,340 - INFO - Icon created: E:/Modules/Programming Principles - Copy\Gradient Button\folder_icon.ico
2024-09-09 13:51:37,961 - INFO - Icon applied to folder: E:/Modules/Programming Principles - Copy\Gradient Button
2024-09-09 13:51:38,152 - INFO - Icon created: E:/Modules/Programming Principles - Copy\Habits Should've\folder_icon.ico
2024-09-09 13:51:38,770 - INFO - Icon applied to folder: E:/Modules/Programming Principles - Copy\Habits Should've
2024-09-09 13:51:38,952 - INFO - Icon created: E:/Modules/Programming Principles - Copy\How to Color\folder_icon.ico
2024-09-09 13:51:39,571 - INFO - Icon applied to folder: E:/Modules/Programming Principles - Copy\How to Color
2024-09-09 13:51:39,717 - INFO - Icon created: E:/Modules/Programming Principles - Copy\How to Grid\folder_icon.ico
2024-09-09 13:51:40,344 - INFO - Icon applied to folder: E:/Modules/Programming Principles - Copy\How to Grid
2024-09-09 13:51:40,514 - INFO - Icon created: E:/Modules/Programming Principles - Copy\How to PIXEL\folder_icon.ico
2024-09-09 13:51:41,144 - INFO - Icon applied to folder: E:/Modules/Programming Principles - Copy\How to PIXEL
2024-09-09 13:51:41,343 - INFO - Icon created: E:/Modules/Programming Principles - Copy\How to use Icons\folder_icon.ico
2024-09-09 13:51:41,966 - INFO - Icon applied to folder: E:/Modules/Programming Principles - Copy\How to use Icons
2024-09-09 13:51:42,157 - INFO - Icon created: E:/Modules/Programming Principles - Copy\HTML Shortcuts YSK\folder_icon.ico
2024-09-09 13:51:42,780 - INFO - Icon applied to folder: E:/Modules/Programming Principles - Copy\HTML Shortcuts YSK
2024-09-09 13:51:42,969 - INFO - Icon created: E:/Modules/Programming Principles - Copy\ICONS in UI\folder_icon.ico
2024-09-09 13:51:43,593 - INFO - Icon applied to folder: E:/Modules/Programming Principles - Copy\ICONS in UI
2024-09-09 13:51:43,748 - INFO - Icon created: E:/Modules/Programming Principles - Copy\JS ClassList\folder_icon.ico
2024-09-09 13:51:44,378 - INFO - Icon applied to folder: E:/Modules/Programming Principles - Copy\JS ClassList
2024-09-09 13:51:44,535 - INFO - Icon created: E:/Modules/Programming Principles - Copy\JS vs. Python\folder_icon.ico
2024-09-09 13:51:45,163 - INFO - Icon applied to folder: E:/Modules/Programming Principles - Copy\JS vs. Python
2024-09-09 13:51:45,355 - INFO - Icon created: E:/Modules/Programming Principles - Copy\Laws of Designing #1\folder_icon.ico
2024-09-09 13:51:45,979 - INFO - Icon applied to folder: E:/Modules/Programming Principles - Copy\Laws of Designing #1
2024-09-09 13:51:46,171 - INFO - Icon created: E:/Modules/Programming Principles - Copy\Laws of Designing #2\folder_icon.ico
2024-09-09 13:51:46,815 - INFO - Icon applied to folder: E:/Modules/Programming Principles - Copy\Laws of Designing #2
2024-09-09 13:51:47,026 - INFO - Icon created: E:/Modules/Programming Principles - Copy\Learn UI Design\folder_icon.ico
2024-09-09 13:51:47,646 - INFO - Icon applied to folder: E:/Modules/Programming Principles - Copy\Learn UI Design
2024-09-09 13:51:47,810 - INFO - Icon created: E:/Modules/Programming Principles - Copy\Movies for Programmers\folder_icon.ico
2024-09-09 13:51:48,443 - INFO - Icon applied to folder: E:/Modules/Programming Principles - Copy\Movies for Programmers
2024-09-09 13:51:48,623 - INFO - Icon created: E:/Modules/Programming Principles - Copy\Network Mon & TroubleS Tools\folder_icon.ico
2024-09-09 13:51:49,245 - INFO - Icon applied to folder: E:/Modules/Programming Principles - Copy\Network Mon & TroubleS Tools
2024-09-09 13:51:49,408 - INFO - Icon created: E:/Modules/Programming Principles - Copy\Python Full Stack Roadmap\folder_icon.ico
2024-09-09 13:51:50,051 - INFO - Icon applied to folder: E:/Modules/Programming Principles - Copy\Python Full Stack Roadmap
2024-09-09 13:51:50,223 - INFO - Icon created: E:/Modules/Programming Principles - Copy\ReactJs Cheatsheet\folder_icon.ico
2024-09-09 13:51:50,846 - INFO - Icon applied to folder: E:/Modules/Programming Principles - Copy\ReactJs Cheatsheet
2024-09-09 13:51:51,030 - INFO - Icon created: E:/Modules/Programming Principles - Copy\Rules of Clean Design\folder_icon.ico
2024-09-09 13:51:51,647 - INFO - Icon applied to folder: E:/Modules/Programming Principles - Copy\Rules of Clean Design
2024-09-09 13:51:51,832 - INFO - Icon created: E:/Modules/Programming Principles - Copy\Sorting Algorithms\folder_icon.ico
2024-09-09 13:51:52,452 - INFO - Icon applied to folder: E:/Modules/Programming Principles - Copy\Sorting Algorithms
2024-09-09 13:51:52,664 - INFO - Icon created: E:/Modules/Programming Principles - Copy\Spacing\folder_icon.ico
2024-09-09 13:51:53,283 - INFO - Icon applied to folder: E:/Modules/Programming Principles - Copy\Spacing
2024-09-09 13:51:53,477 - INFO - Icon created: E:/Modules/Programming Principles - Copy\Touch Area UI design\folder_icon.ico
2024-09-09 13:51:54,096 - INFO - Icon applied to folder: E:/Modules/Programming Principles - Copy\Touch Area UI design
2024-09-09 13:51:54,285 - INFO - Icon created: E:/Modules/Programming Principles - Copy\Types For Better Grid\folder_icon.ico
2024-09-09 13:51:54,911 - INFO - Icon applied to folder: E:/Modules/Programming Principles - Copy\Types For Better Grid
2024-09-09 13:51:55,093 - INFO - Icon created: E:/Modules/Programming Principles - Copy\Types of LOGOS\folder_icon.ico
2024-09-09 13:51:55,717 - INFO - Icon applied to folder: E:/Modules/Programming Principles - Copy\Types of LOGOS
2024-09-09 13:51:55,905 - INFO - Icon created: E:/Modules/Programming Principles - Copy\UI Design Resources\folder_icon.ico
2024-09-09 13:51:56,526 - INFO - Icon applied to folder: E:/Modules/Programming Principles - Copy\UI Design Resources
2024-09-09 13:51:56,720 - INFO - Icon created: E:/Modules/Programming Principles - Copy\UI like a PRO\folder_icon.ico
2024-09-09 13:51:57,348 - INFO - Icon applied to folder: E:/Modules/Programming Principles - Copy\UI like a PRO
2024-09-09 13:51:57,539 - INFO - Icon created: E:/Modules/Programming Principles - Copy\UI tips\folder_icon.ico
2024-09-09 13:51:58,159 - INFO - Icon applied to folder: E:/Modules/Programming Principles - Copy\UI tips
2024-09-09 13:51:58,343 - INFO - Icon created: E:/Modules/Programming Principles - Copy\UI_UX Tools\folder_icon.ico
2024-09-09 13:51:58,962 - INFO - Icon applied to folder: E:/Modules/Programming Principles - Copy\UI_UX Tools
2024-09-09 13:51:59,124 - INFO - Icon created: E:/Modules/Programming Principles - Copy\UI_UX-Roadmap\folder_icon.ico
2024-09-09 13:51:59,749 - INFO - Icon applied to folder: E:/Modules/Programming Principles - Copy\UI_UX-Roadmap
2024-09-09 13:51:59,902 - INFO - Icon created: E:/Modules/Programming Principles - Copy\UX in Japan\folder_icon.ico
2024-09-09 13:52:00,519 - INFO - Icon applied to folder: E:/Modules/Programming Principles - Copy\UX in Japan
2024-09-09 13:52:00,714 - INFO - Icon created: E:/Modules/Programming Principles - Copy\Visual Hierarchy\folder_icon.ico
2024-09-09 13:52:01,333 - INFO - Icon applied to folder: E:/Modules/Programming Principles - Copy\Visual Hierarchy
2024-09-09 13:52:01,518 - INFO - Icon created: E:/Modules/Programming Principles - Copy\VS Code Extensions\folder_icon.ico
2024-09-09 13:52:02,141 - INFO - Icon applied to folder: E:/Modules/Programming Principles - Copy\VS Code Extensions
2024-09-09 13:52:02,329 - INFO - Icon created: E:/Modules/Programming Principles - Copy\VS Code Tricks\folder_icon.ico
2024-09-09 13:52:02,950 - INFO - Icon applied to folder: E:/Modules/Programming Principles - Copy\VS Code Tricks
2024-09-09 13:52:03,139 - INFO - Icon created: E:/Modules/Programming Principles - Copy\What is API #1\folder_icon.ico
2024-09-09 13:52:03,783 - INFO - Icon applied to folder: E:/Modules/Programming Principles - Copy\What is API #1
2024-09-09 13:52:03,952 - INFO - Icon created: E:/Modules/Programming Principles - Copy\What is API #2\folder_icon.ico
2024-09-09 13:52:04,575 - INFO - Icon applied to folder: E:/Modules/Programming Principles - Copy\What is API #2
2024-09-09 13:52:04,782 - INFO - Icon created: E:/Modules/Programming Principles - Copy\Why Not Pure Black\folder_icon.ico
2024-09-09 13:52:05,403 - INFO - Icon applied to folder: E:/Modules/Programming Principles - Copy\Why Not Pure Black
2024-09-09 13:52:05,606 - INFO - Icon created: E:/Modules/Programming Principles - Copy\Write Less CSS\folder_icon.ico
2024-09-09 13:52:06,231 - INFO - Icon applied to folder: E:/Modules/Programming Principles - Copy\Write Less CSS
